2017-01-25 10:26:35 4832 [Note] Plugin 'FEDERATED' is disabled.
2017-01-25 10:26:35 4832 [Note] InnoDB: The InnoDB memory heap is disabled
2017-01-25 10:26:35 4832 [Note] InnoDB: Mutexes and rw_locks use Windows interlocked functions
2017-01-25 10:26:35 4832 [Note] InnoDB: Compressed tables use zlib 1.2.3
2017-01-25 10:26:35 4832 [Note] InnoDB: Not using CPU crc32 instructions
2017-01-25 10:26:35 4832 [Note] InnoDB: Initializing buffer pool, size = 128.0M
2017-01-25 10:26:35 4832 [Note] InnoDB: Completed initialization of buffer pool
2017-01-25 10:26:35 4832 [Note] InnoDB: The first specified data file .\ibdata1 did not exist: a new database to be created!
2017-01-25 10:26:35 4832 [Note] InnoDB: Setting file .\ibdata1 size to 12 MB
2017-01-25 10:26:35 4832 [Note] InnoDB: Database physically writes the file full: wait...
2017-01-25 10:26:36 4832 [Note] InnoDB: Setting log file .\ib_logfile101 size to 48 MB
2017-01-25 10:26:39 4832 [Note] InnoDB: Setting log file .\ib_logfile1 size to 48 MB
2017-01-25 10:26:42 4832 [Note] InnoDB: Renaming log file .\ib_logfile101 to .\ib_logfile0
2017-01-25 10:26:42 4832 [Warning] InnoDB: New log files created, LSN=45781
2017-01-25 10:26:42 4832 [Note] InnoDB: Doublewrite buffer not found: creating new
2017-01-25 10:26:42 4832 [Note] InnoDB: Doublewrite buffer created
2017-01-25 10:26:42 4832 [Note] InnoDB: 128 rollback segment(s) are active.
2017-01-25 10:26:42 4832 [Warning] InnoDB: Creating foreign key constraint system tables.
2017-01-25 10:26:42 4832 [Note] InnoDB: Foreign key constraint system tables created
2017-01-25 10:26:42 4832 [Note] InnoDB: Creating tablespace and datafile system tables.
2017-01-25 10:26:42 4832 [Note] InnoDB: Tablespace and datafile system tables created.
2017-01-25 10:26:42 4832 [Note] InnoDB: Waiting for purge to start
2017-01-25 10:26:42 4832 [Note] InnoDB: 5.6.11 started; log sequence number 0
2017-01-25 10:26:42 4832 [Note] Server hostname (bind-address): '*'; port: 3306
2017-01-25 10:26:42 4832 [Note] IPv6 is available.
2017-01-25 10:26:42 4832 [Note]   - '::' resolves to '::';
2017-01-25 10:26:42 4832 [Note] Server socket created on IP: '::'.
2017-01-25 10:26:43 4832 [Warning] InnoDB: Cannot open table mysql/slave_master_info from the internal data dictionary of InnoDB though the .frm file for the table exists. See http://dev.mysql.com/doc/refman/5.6/en/innodb-troubleshooting.html for how you can resolve the problem.
2017-01-25 10:26:43 4832 [Warning] Info table is not ready to be used. Table 'mysql.slave_master_info' cannot be opened.
2017-01-25 10:26:43 4832 [Warning] InnoDB: Cannot open table mysql/slave_worker_info from the internal data dictionary of InnoDB though the .frm file for the table exists. See http://dev.mysql.com/doc/refman/5.6/en/innodb-troubleshooting.html for how you can resolve the problem.
2017-01-25 10:26:43 4832 [Warning] InnoDB: Cannot open table mysql/slave_relay_log_info from the internal data dictionary of InnoDB though the .frm file for the table exists. See http://dev.mysql.com/doc/refman/5.6/en/innodb-troubleshooting.html for how you can resolve the problem.
2017-01-25 10:26:43 4832 [Warning] Info table is not ready to be used. Table 'mysql.slave_relay_log_info' cannot be opened.
2017-01-25 10:26:44 4832 [Note] Event Scheduler: Loaded 0 events
2017-01-25 10:26:44 4832 [Note] F:\RDBMS\UwAmp\UwAmp\bin\database\mysql-5.6.11\bin\mysqld.exe: ready for connections.
Version: '5.6.11-log'  socket: ''  port: 3306  MySQL Community Server (GPL)
2017-05-10 11:26:07 6268 [Note] Plugin 'FEDERATED' is disabled.
2017-05-10 11:26:07 6268 [Note] InnoDB: The InnoDB memory heap is disabled
2017-05-10 11:26:07 6268 [Note] InnoDB: Mutexes and rw_locks use Windows interlocked functions
2017-05-10 11:26:07 6268 [Note] InnoDB: Compressed tables use zlib 1.2.3
2017-05-10 11:26:07 6268 [Note] InnoDB: Not using CPU crc32 instructions
2017-05-10 11:26:07 6268 [Note] InnoDB: Initializing buffer pool, size = 128.0M
2017-05-10 11:26:07 6268 [Note] InnoDB: Completed initialization of buffer pool
2017-05-10 11:26:07 6268 [Note] InnoDB: Highest supported file format is Barracuda.
2017-05-10 11:26:07 6268 [Note] InnoDB: The log sequence numbers 0 and 0 in ibdata files do not match the log sequence number 1600607 in the ib_logfiles!
2017-05-10 11:26:07 6268 [Note] InnoDB: Database was not shutdown normally!
2017-05-10 11:26:07 6268 [Note] InnoDB: Starting crash recovery.
2017-05-10 11:26:07 6268 [Note] InnoDB: Reading tablespace information from the .ibd files...
2017-05-10 11:26:08 6268 [Note] InnoDB: Restoring possible half-written data pages 
2017-05-10 11:26:08 6268 [Note] InnoDB: from the doublewrite buffer...
2017-05-10 11:26:08 6268 [Note] InnoDB: 128 rollback segment(s) are active.
2017-05-10 11:26:08 6268 [Note] InnoDB: Waiting for purge to start
2017-05-10 11:26:08 6268 [Note] InnoDB: 5.6.11 started; log sequence number 1600607
2017-05-10 11:26:08 6268 [Note] Recovering after a crash using mysql-bin
2017-05-10 11:26:08 6268 [Note] Starting crash recovery...
2017-05-10 11:26:08 6268 [Note] Crash recovery finished.
2017-05-10 11:26:08 6268 [Note] Server hostname (bind-address): '*'; port: 3306
2017-05-10 11:26:08 6268 [Note] IPv6 is available.
2017-05-10 11:26:08 6268 [Note]   - '::' resolves to '::';
2017-05-10 11:26:08 6268 [Note] Server socket created on IP: '::'.
2017-05-10 11:26:09 6268 [Warning] InnoDB: Cannot open table mysql/slave_master_info from the internal data dictionary of InnoDB though the .frm file for the table exists. See http://dev.mysql.com/doc/refman/5.6/en/innodb-troubleshooting.html for how you can resolve the problem.
2017-05-10 11:26:09 6268 [Warning] Info table is not ready to be used. Table 'mysql.slave_master_info' cannot be opened.
2017-05-10 11:26:09 6268 [Warning] InnoDB: Cannot open table mysql/slave_worker_info from the internal data dictionary of InnoDB though the .frm file for the table exists. See http://dev.mysql.com/doc/refman/5.6/en/innodb-troubleshooting.html for how you can resolve the problem.
2017-05-10 11:26:09 6268 [Warning] InnoDB: Cannot open table mysql/slave_relay_log_info from the internal data dictionary of InnoDB though the .frm file for the table exists. See http://dev.mysql.com/doc/refman/5.6/en/innodb-troubleshooting.html for how you can resolve the problem.
2017-05-10 11:26:09 6268 [Warning] Info table is not ready to be used. Table 'mysql.slave_relay_log_info' cannot be opened.
2017-05-10 11:26:10 6268 [Note] Event Scheduler: Loaded 0 events
2017-05-10 11:26:10 6268 [Note] F:\RDBMS\UwAmp\UwAmp\bin\database\mysql-5.6.11\bin\mysqld.exe: ready for connections.
Version: '5.6.11-log'  socket: ''  port: 3306  MySQL Community Server (GPL)
